--**--**--**--**--**--**--**--**--**--**--**--**--**--**--**--**--**--**--**--**--**--**--**--**--**--**--**--**--**--**
(10/01/2021) 5:23 PM	oh yeah
--**--**--**--**--**--**--**--**--**--**--**--**--**--**--**--**--**--**--**--**--**--**--**--**--**--**--**--**--**--**
--**--**--**--**--**--**--**--**--**--**--**--**--**--**--**--**--**--**--**--**--**--**--**--**--**--**--**--**--**--**
(10/01/2021) 5:23 PM	oh yeah
--**--**--**--**--**--**--**--**--**--**--**--**--**--**--**--**--**--**--**--**--**--**--**--**--**--**--**--**--**--**
--**--**--**--**--**--**--**--**--**--**--**--**--**--**--**--**--**--**--**--**--**--**--**--**--**--**--**--**--**--**
(10/01/2021) 5:23 PM	oh yeah
--**--**--**--**--**--**--**--**--**--**--**--**--**--**--**--**--**--**--**--**--**--**--**--**--**--**--**--**--**--**
--**--**--**--**--**--**--**--**--**--**--**--**--**--**--**--**--**--**--**--**--**--**--**--**--**--**--**--**--**--**
10/01/2021 5:24 PM	
oh yeah
--**--**--**--**--**--**--**--**--**--**--**--**--**--**--**--**--**--**--**--**--**--**--**--**--**--**--**--**--**--**
--**--**--**--**--**--**--**--**--**--**--**--**--**--**--**--**--**--**--**--**--**--**--**--**--**--**--**--**--**--**
10/06/2021 1:42 PM	
error checking cali camps
fetch is not defined
--**--**--**--**--**--**--**--**--**--**--**--**--**--**--**--**--**--**--**--**--**--**--**--**--**--**--**--**--**--**
--**--**--**--**--**--**--**--**--**--**--**--**--**--**--**--**--**--**--**--**--**--**--**--**--**--**--**--**--**--**
10/06/2021 1:42 PM	
error checking cali camps
fetch is not defined
--**--**--**--**--**--**--**--**--**--**--**--**--**--**--**--**--**--**--**--**--**--**--**--**--**--**--**--**--**--**
--**--**--**--**--**--**--**--**--**--**--**--**--**--**--**--**--**--**--**--**--**--**--**--**--**--**--**--**--**--**
10/06/2021 1:43 PM	
error checking cali camps
fetch is not defined
--**--**--**--**--**--**--**--**--**--**--**--**--**--**--**--**--**--**--**--**--**--**--**--**--**--**--**--**--**--**
--**--**--**--**--**--**--**--**--**--**--**--**--**--**--**--**--**--**--**--**--**--**--**--**--**--**--**--**--**--**
10/09/2021 1:14 PM	
app level exeception caught: 
relation "campground" already exists
--**--**--**--**--**--**--**--**--**--**--**--**--**--**--**--**--**--**--**--**--**--**--**--**--**--**--**--**--**--**
--**--**--**--**--**--**--**--**--**--**--**--**--**--**--**--**--**--**--**--**--**--**--**--**--**--**--**--**--**--**
10/09/2021 1:18 PM	
app level exeception caught: 
relation "campground" already exists
--**--**--**--**--**--**--**--**--**--**--**--**--**--**--**--**--**--**--**--**--**--**--**--**--**--**--**--**--**--**
--**--**--**--**--**--**--**--**--**--**--**--**--**--**--**--**--**--**--**--**--**--**--**--**--**--**--**--**--**--**
10/09/2021 1:21 PM	
app level exeception caught: 
relation "campground" already exists
--**--**--**--**--**--**--**--**--**--**--**--**--**--**--**--**--**--**--**--**--**--**--**--**--**--**--**--**--**--**
--**--**--**--**--**--**--**--**--**--**--**--**--**--**--**--**--**--**--**--**--**--**--**--**--**--**--**--**--**--**
10/09/2021 1:21 PM	
app level exeception caught: 
relation "campground" already exists
--**--**--**--**--**--**--**--**--**--**--**--**--**--**--**--**--**--**--**--**--**--**--**--**--**--**--**--**--**--**
--**--**--**--**--**--**--**--**--**--**--**--**--**--**--**--**--**--**--**--**--**--**--**--**--**--**--**--**--**--**
10/09/2021 1:26 PM	
app level exeception caught: 
relation "campground" already exists
--**--**--**--**--**--**--**--**--**--**--**--**--**--**--**--**--**--**--**--**--**--**--**--**--**--**--**--**--**--**
--**--**--**--**--**--**--**--**--**--**--**--**--**--**--**--**--**--**--**--**--**--**--**--**--**--**--**--**--**--**
10/09/2021 1:29 PM	
app level exeception caught: 
relation "campground" already exists
--**--**--**--**--**--**--**--**--**--**--**--**--**--**--**--**--**--**--**--**--**--**--**--**--**--**--**--**--**--**
--**--**--**--**--**--**--**--**--**--**--**--**--**--**--**--**--**--**--**--**--**--**--**--**--**--**--**--**--**--**
10/09/2021 1:39 PM	
app level exeception caught: 
relation "campground" already exists
--**--**--**--**--**--**--**--**--**--**--**--**--**--**--**--**--**--**--**--**--**--**--**--**--**--**--**--**--**--**
